<!DOCTYPE html>

<html>
  <head>
  <meta charset='utf-8'>
  <title>TestNG reports</title>

    <link type="text/css" href="testng-reports.css" rel="stylesheet" />
    <script type="text/javascript" src="jquery-3.4.1.min.js"></script>
    <script type="text/javascript" src="testng-reports.js"></script>
    <script type="text/javascript" src="https://www.google.com/jsapi"></script>
    <script type='text/javascript'>
      google.load('visualization', '1', {packages:['table']});
      google.setOnLoadCallback(drawTable);
      var suiteTableInitFunctions = new Array();
      var suiteTableData = new Array();
    </script>
    <!--
      <script type="text/javascript" src="jquery-ui/js/jquery-ui-1.8.16.custom.min.js"></script>
     -->
  </head>

  <body>
    <div class="top-banner-root">
      <span class="top-banner-title-font">Test results</span>
      <br/>
      <span class="top-banner-font-1">1 suite, 2 failed tests</span>
    </div> <!-- top-banner-root -->
    <div class="navigator-root">
      <div class="navigator-suite-header">
        <span>All suites</span>
        <a href="#" class="collapse-all-link" title="Collapse/expand all the suites">
          <img class="collapse-all-icon" src="collapseall.gif">
          </img> <!-- collapse-all-icon -->
        </a> <!-- collapse-all-link -->
      </div> <!-- navigator-suite-header -->
      <div class="suite">
        <div class="rounded-window">
          <div class="suite-header light-rounded-window-top">
            <a href="#" class="navigator-link" panel-name="suite-Regression">
              <span class="suite-name border-failed">Regression</span>
            </a> <!-- navigator-link -->
          </div> <!-- suite-header light-rounded-window-top -->
          <div class="navigator-suite-content">
            <div class="suite-section-title">
              <span>Info</span>
            </div> <!-- suite-section-title -->
            <div class="suite-section-content">
              <ul>
                <li>
                  <a href="#" class="navigator-link " panel-name="test-xml-Regression">
                    <span>C:\Users\datab\IdeaProjects\testng_framework\Regression.xml</span>
                  </a> <!-- navigator-link  -->
                </li>
                <li>
                  <a href="#" class="navigator-link " panel-name="testlist-Regression">
                    <span class="test-stats">1 test</span>
                  </a> <!-- navigator-link  -->
                </li>
                <li>
                  <a href="#" class="navigator-link " panel-name="group-Regression">
                    <span>0 groups</span>
                  </a> <!-- navigator-link  -->
                </li>
                <li>
                  <a href="#" class="navigator-link " panel-name="times-Regression">
                    <span>Times</span>
                  </a> <!-- navigator-link  -->
                </li>
                <li>
                  <a href="#" class="navigator-link " panel-name="reporter-Regression">
                    <span>Reporter output</span>
                  </a> <!-- navigator-link  -->
                </li>
                <li>
                  <a href="#" class="navigator-link " panel-name="ignored-methods-Regression">
                    <span>Ignored methods</span>
                  </a> <!-- navigator-link  -->
                </li>
                <li>
                  <a href="#" class="navigator-link " panel-name="chronological-Regression">
                    <span>Chronological view</span>
                  </a> <!-- navigator-link  -->
                </li>
              </ul>
            </div> <!-- suite-section-content -->
            <div class="result-section">
              <div class="suite-section-title">
                <span>Results</span>
              </div> <!-- suite-section-title -->
              <div class="suite-section-content">
                <ul>
                  <li>
                    <span class="method-stats">7 methods, 2 failed,   5 passed</span>
                  </li>
                  <li>
                    <span class="method-list-title failed">Failed methods</span>
                    <span class="show-or-hide-methods failed">
                      <a href="#" panel-name="suite-Regression" class="hide-methods failed suite-Regression"> (hide)</a> <!-- hide-methods failed suite-Regression -->
                      <a href="#" panel-name="suite-Regression" class="show-methods failed suite-Regression"> (show)</a> <!-- show-methods failed suite-Regression -->
                    </span>
                    <div class="method-list-content failed suite-Regression">
                      <span>
                        <img width="3%" src="failed.png"/>
                        <a href="#" class="method navigator-link" panel-name="suite-Regression" title="scripts._07_DropdownTest" hash-for-method="testExpediaDropdowns">testExpediaDropdowns</a> <!-- method navigator-link -->
                      </span>
                      <br/>
                      <span>
                        <img width="3%" src="failed.png"/>
                        <a href="#" class="method navigator-link" panel-name="suite-Regression" title="scripts._03_EtsyTest" hash-for-method="testMainHeader">testMainHeader</a> <!-- method navigator-link -->
                      </span>
                      <br/>
                    </div> <!-- method-list-content failed suite-Regression -->
                  </li>
                  <li>
                    <span class="method-list-title passed">Passed methods</span>
                    <span class="show-or-hide-methods passed">
                      <a href="#" panel-name="suite-Regression" class="hide-methods passed suite-Regression"> (hide)</a> <!-- hide-methods passed suite-Regression -->
                      <a href="#" panel-name="suite-Regression" class="show-methods passed suite-Regression"> (show)</a> <!-- show-methods passed suite-Regression -->
                    </span>
                    <div class="method-list-content passed suite-Regression">
                      <span>
                        <img width="3%" src="passed.png"/>
                        <a href="#" class="method navigator-link" panel-name="suite-Regression" title="scripts._01_AppleTest" hash-for-method="testAppleURL">testAppleURL</a> <!-- method navigator-link -->
                      </span>
                      <br/>
                      <span>
                        <img width="3%" src="passed.png"/>
                        <a href="#" class="method navigator-link" panel-name="suite-Regression" title="scripts._05_CheckBoxTest" hash-for-method="testCheckBoxInHeroApp">testCheckBoxInHeroApp</a> <!-- method navigator-link -->
                      </span>
                      <br/>
                      <span>
                        <img width="3%" src="passed.png"/>
                        <a href="#" class="method navigator-link" panel-name="suite-Regression" title="scripts._06_RadioButtonTest" hash-for-method="testFacebookGenderRadioButtons">testFacebookGenderRadioButtons</a> <!-- method navigator-link -->
                      </span>
                      <br/>
                      <span>
                        <img width="3%" src="passed.png"/>
                        <a href="#" class="method navigator-link" panel-name="suite-Regression" title="scripts._04_GoogleSearchTest" hash-for-method="testGoogleStoreLink">testGoogleStoreLink</a> <!-- method navigator-link -->
                      </span>
                      <br/>
                      <span>
                        <img width="3%" src="passed.png"/>
                        <a href="#" class="method navigator-link" panel-name="suite-Regression" title="scripts._07_DropdownTest" hash-for-method="testUnsecurePasswordErrorMessage">testUnsecurePasswordErrorMessage</a> <!-- method navigator-link -->
                      </span>
                      <br/>
                    </div> <!-- method-list-content passed suite-Regression -->
                  </li>
                </ul>
              </div> <!-- suite-section-content -->
            </div> <!-- result-section -->
          </div> <!-- navigator-suite-content -->
        </div> <!-- rounded-window -->
      </div> <!-- suite -->
    </div> <!-- navigator-root -->
    <div class="wrapper">
      <div class="main-panel-root">
        <div panel-name="suite-Regression" class="panel Regression">
          <div class="suite-Regression-class-failed">
            <div class="main-panel-header rounded-window-top">
              <img src="failed.png"/>
              <span class="class-name">scripts._03_EtsyTest</span>
            </div> <!-- main-panel-header rounded-window-top -->
            <div class="main-panel-content rounded-window-bottom">
              <div class="method">
                <div class="method-content">
                  <a name="testMainHeader">
                  </a> <!-- testMainHeader -->
                  <span class="method-name">testMainHeader</span>
                  <div class="stack-trace">java.lang.AssertionError: expected [Father&apos;s Day Gifts] but found [Shop Home Sales!]
	at scripts._03_EtsyTest.testMainHeader(_03_EtsyTest.java:99)
	at java.util.ArrayList.forEach(ArrayList.java:1259)
... Removed 35 stack frames
</div> <!-- stack-trace -->
                  <em>
(TC905: Validate Etsy main header)                  </em>
                </div> <!-- method-content -->
              </div> <!-- method -->
            </div> <!-- main-panel-content rounded-window-bottom -->
          </div> <!-- suite-Regression-class-failed -->
          <div class="suite-Regression-class-failed">
            <div class="main-panel-header rounded-window-top">
              <img src="failed.png"/>
              <span class="class-name">scripts._07_DropdownTest</span>
            </div> <!-- main-panel-header rounded-window-top -->
            <div class="main-panel-content rounded-window-bottom">
              <div class="method">
                <div class="method-content">
                  <a name="testExpediaDropdowns">
                  </a> <!-- testExpediaDropdowns -->
                  <span class="method-name">testExpediaDropdowns</span>
                  <div class="stack-trace">org.openqa.selenium.NoSuchElementException: no such element: Unable to locate element: {&quot;method&quot;:&quot;css selector&quot;,&quot;selector&quot;:&quot;#preferred\-class\-input\-trigger&quot;}
  (Session info: chrome=101.0.4951.67)
For documentation on this error, please visit: https://www.seleniumhq.org/exceptions/no_such_element.html
Build info: version: &apos;3.141.59&apos;, revision: &apos;e82be7d358&apos;, time: &apos;2018-11-14T08:17:03&apos;
System info: host: &apos;LAPTOP-5SV0R4LA&apos;, ip: &apos;192.168.165.88&apos;, os.name: &apos;Windows 11&apos;, os.arch: &apos;amd64&apos;, os.version: &apos;10.0&apos;, java.version: &apos;1.8.0_321&apos;
Driver info: org.openqa.selenium.chrome.ChromeDriver
Capabilities {acceptInsecureCerts: false, browserName: chrome, browserVersion: 101.0.4951.67, chrome: {chromedriverVersion: 101.0.4951.41 (93c720db8323..., userDataDir: C:\Users\datab\AppData\Loca...}, goog:chromeOptions: {debuggerAddress: localhost:56867}, javascriptEnabled: true, networkConnectionEnabled: false, pageLoadStrategy: normal, platform: WINDOWS, platformName: WINDOWS, proxy: Proxy(), setWindowRect: true, strictFileInteractability: false, timeouts: {implicit: 0, pageLoad: 300000, script: 30000}, unhandledPromptBehavior: dismiss and notify, webauthn:extension:credBlob: true, webauthn:extension:largeBlob: true, webauthn:virtualAuthenticators: true}
Session ID: 0a3135942b5ec174b372238d7b516234
*** Element info: {Using=id, value=preferred-class-input-trigger}
	at org.openqa.selenium.remote.http.W3CHttpResponseCodec.createException(W3CHttpResponseCodec.java:187)
	at org.openqa.selenium.remote.http.W3CHttpResponseCodec.decode(W3CHttpResponseCodec.java:122)
	at org.openqa.selenium.remote.http.W3CHttpResponseCodec.decode(W3CHttpResponseCodec.java:49)
	at org.openqa.selenium.remote.HttpCommandExecutor.execute(HttpCommandExecutor.java:158)
	at org.openqa.selenium.remote.service.DriverCommandExecutor.execute(DriverCommandExecutor.java:83)
	at org.openqa.selenium.remote.RemoteWebDriver.execute(RemoteWebDriver.java:552)
	at org.openqa.selenium.remote.RemoteWebDriver.findElement(RemoteWebDriver.java:323)
	at org.openqa.selenium.remote.RemoteWebDriver.findElementById(RemoteWebDriver.java:372)
	at org.openqa.selenium.By$ById.findElement(By.java:188)
	at org.openqa.selenium.remote.RemoteWebDriver.findElement(RemoteWebDriver.java:315)
	at org.openqa.selenium.support.pagefactory.DefaultElementLocator.findElement(DefaultElementLocator.java:69)
	at org.openqa.selenium.support.pagefactory.internal.LocatingElementHandler.invoke(LocatingElementHandler.java:38)
	at com.sun.proxy.$Proxy8.click(Unknown Source)
	at scripts._07_DropdownTest.testExpediaDropdowns(_07_DropdownTest.java:81)
	at java.util.ArrayList.forEach(ArrayList.java:1259)
... Removed 34 stack frames
</div> <!-- stack-trace -->
                  <em>
(TC578: Validate Expedia dropdowns)                  </em>
                </div> <!-- method-content -->
              </div> <!-- method -->
            </div> <!-- main-panel-content rounded-window-bottom -->
          </div> <!-- suite-Regression-class-failed -->
          <div class="suite-Regression-class-passed">
            <div class="main-panel-header rounded-window-top">
              <img src="passed.png"/>
              <span class="class-name">scripts._01_AppleTest</span>
            </div> <!-- main-panel-header rounded-window-top -->
            <div class="main-panel-content rounded-window-bottom">
              <div class="method">
                <div class="method-content">
                  <a name="testAppleURL">
                  </a> <!-- testAppleURL -->
                  <span class="method-name">testAppleURL</span>
                </div> <!-- method-content -->
              </div> <!-- method -->
            </div> <!-- main-panel-content rounded-window-bottom -->
          </div> <!-- suite-Regression-class-passed -->
          <div class="suite-Regression-class-passed">
            <div class="main-panel-header rounded-window-top">
              <img src="passed.png"/>
              <span class="class-name">scripts._04_GoogleSearchTest</span>
            </div> <!-- main-panel-header rounded-window-top -->
            <div class="main-panel-content rounded-window-bottom">
              <div class="method">
                <div class="method-content">
                  <a name="testGoogleStoreLink">
                  </a> <!-- testGoogleStoreLink -->
                  <span class="method-name">testGoogleStoreLink</span>
                  <em>
(TC123: Validate Google Store link)                  </em>
                </div> <!-- method-content -->
              </div> <!-- method -->
            </div> <!-- main-panel-content rounded-window-bottom -->
          </div> <!-- suite-Regression-class-passed -->
          <div class="suite-Regression-class-passed">
            <div class="main-panel-header rounded-window-top">
              <img src="passed.png"/>
              <span class="class-name">scripts._05_CheckBoxTest</span>
            </div> <!-- main-panel-header rounded-window-top -->
            <div class="main-panel-content rounded-window-bottom">
              <div class="method">
                <div class="method-content">
                  <a name="testCheckBoxInHeroApp">
                  </a> <!-- testCheckBoxInHeroApp -->
                  <span class="method-name">testCheckBoxInHeroApp</span>
                  <em>
(TC001: Validate checkbox in hero app)                  </em>
                </div> <!-- method-content -->
              </div> <!-- method -->
            </div> <!-- main-panel-content rounded-window-bottom -->
          </div> <!-- suite-Regression-class-passed -->
          <div class="suite-Regression-class-passed">
            <div class="main-panel-header rounded-window-top">
              <img src="passed.png"/>
              <span class="class-name">scripts._06_RadioButtonTest</span>
            </div> <!-- main-panel-header rounded-window-top -->
            <div class="main-panel-content rounded-window-bottom">
              <div class="method">
                <div class="method-content">
                  <a name="testFacebookGenderRadioButtons">
                  </a> <!-- testFacebookGenderRadioButtons -->
                  <span class="method-name">testFacebookGenderRadioButtons</span>
                  <em>
(TC234: Validate Facebook gender radio buttons)                  </em>
                </div> <!-- method-content -->
              </div> <!-- method -->
            </div> <!-- main-panel-content rounded-window-bottom -->
          </div> <!-- suite-Regression-class-passed -->
          <div class="suite-Regression-class-passed">
            <div class="main-panel-header rounded-window-top">
              <img src="passed.png"/>
              <span class="class-name">scripts._07_DropdownTest</span>
            </div> <!-- main-panel-header rounded-window-top -->
            <div class="main-panel-content rounded-window-bottom">
              <div class="method">
                <div class="method-content">
                  <a name="testUnsecurePasswordErrorMessage">
                  </a> <!-- testUnsecurePasswordErrorMessage -->
                  <span class="method-name">testUnsecurePasswordErrorMessage</span>
                  <em>
(TC763: Validate FaceBook sign in error message for password)                  </em>
                </div> <!-- method-content -->
              </div> <!-- method -->
            </div> <!-- main-panel-content rounded-window-bottom -->
          </div> <!-- suite-Regression-class-passed -->
        </div> <!-- panel Regression -->
        <div panel-name="test-xml-Regression" class="panel">
          <div class="main-panel-header rounded-window-top">
            <span class="header-content">C:\Users\datab\IdeaProjects\testng_framework\Regression.xml</span>
          </div> <!-- main-panel-header rounded-window-top -->
          <div class="main-panel-content rounded-window-bottom">
            <pre>
&lt;?xml version=&quot;1.0&quot; encoding=&quot;UTF-8&quot;?&gt;
&lt;!DOCTYPE suite SYSTEM &quot;https://testng.org/testng-1.0.dtd&quot;&gt;
&lt;suite guice-stage=&quot;DEVELOPMENT&quot; verbose=&quot;0&quot; name=&quot;Regression&quot;&gt;
  &lt;test thread-count=&quot;5&quot; verbose=&quot;0&quot; name=&quot;All Functionalities&quot;&gt;
    &lt;classes&gt;
      &lt;class name=&quot;scripts._01_AppleTest&quot;&gt;
        &lt;methods&gt;
          &lt;exclude name=&quot;testAppleTitle&quot;/&gt;
        &lt;/methods&gt;
      &lt;/class&gt; &lt;!-- scripts._01_AppleTest --&gt;
      &lt;class name=&quot;scripts._04_GoogleSearchTest&quot;&gt;
        &lt;methods&gt;
          &lt;exclude name=&quot;testGoogleSearch&quot;/&gt;
        &lt;/methods&gt;
      &lt;/class&gt; &lt;!-- scripts._04_GoogleSearchTest --&gt;
      &lt;class name=&quot;scripts._03_EtsyTest&quot;&gt;
        &lt;methods&gt;
          &lt;include name=&quot;testMainHeader&quot;/&gt;
        &lt;/methods&gt;
      &lt;/class&gt; &lt;!-- scripts._03_EtsyTest --&gt;
      &lt;class name=&quot;scripts._05_CheckBoxTest&quot;/&gt;
      &lt;class name=&quot;scripts._06_RadioButtonTest&quot;/&gt;
      &lt;class name=&quot;scripts._07_DropdownTest&quot;/&gt;
    &lt;/classes&gt;
  &lt;/test&gt; &lt;!-- All Functionalities --&gt;
&lt;/suite&gt; &lt;!-- Regression --&gt;
            </pre>
          </div> <!-- main-panel-content rounded-window-bottom -->
        </div> <!-- panel -->
        <div panel-name="testlist-Regression" class="panel">
          <div class="main-panel-header rounded-window-top">
            <span class="header-content">Tests for Regression</span>
          </div> <!-- main-panel-header rounded-window-top -->
          <div class="main-panel-content rounded-window-bottom">
            <ul>
              <li>
                <span class="test-name">All Functionalities (6 classes)</span>
              </li>
            </ul>
          </div> <!-- main-panel-content rounded-window-bottom -->
        </div> <!-- panel -->
        <div panel-name="group-Regression" class="panel">
          <div class="main-panel-header rounded-window-top">
            <span class="header-content">Groups for Regression</span>
          </div> <!-- main-panel-header rounded-window-top -->
          <div class="main-panel-content rounded-window-bottom">
          </div> <!-- main-panel-content rounded-window-bottom -->
        </div> <!-- panel -->
        <div panel-name="times-Regression" class="panel">
          <div class="main-panel-header rounded-window-top">
            <span class="header-content">Times for Regression</span>
          </div> <!-- main-panel-header rounded-window-top -->
          <div class="main-panel-content rounded-window-bottom">
            <div class="times-div">
              <script type="text/javascript">
suiteTableInitFunctions.push('tableData_Regression');
function tableData_Regression() {
var data = new google.visualization.DataTable();
data.addColumn('number', 'Number');
data.addColumn('string', 'Method');
data.addColumn('string', 'Class');
data.addColumn('number', 'Time (ms)');
data.addRows(7);
data.setCell(0, 0, 0)
data.setCell(0, 1, 'testExpediaDropdowns')
data.setCell(0, 2, 'scripts._07_DropdownTest')
data.setCell(0, 3, 35458);
data.setCell(1, 0, 1)
data.setCell(1, 1, 'testFacebookGenderRadioButtons')
data.setCell(1, 2, 'scripts._06_RadioButtonTest')
data.setCell(1, 3, 9551);
data.setCell(2, 0, 2)
data.setCell(2, 1, 'testCheckBoxInHeroApp')
data.setCell(2, 2, 'scripts._05_CheckBoxTest')
data.setCell(2, 3, 9372);
data.setCell(3, 0, 3)
data.setCell(3, 1, 'testUnsecurePasswordErrorMessage')
data.setCell(3, 2, 'scripts._07_DropdownTest')
data.setCell(3, 3, 5296);
data.setCell(4, 0, 4)
data.setCell(4, 1, 'testGoogleStoreLink')
data.setCell(4, 2, 'scripts._04_GoogleSearchTest')
data.setCell(4, 3, 2830);
data.setCell(5, 0, 5)
data.setCell(5, 1, 'testMainHeader')
data.setCell(5, 2, 'scripts._03_EtsyTest')
data.setCell(5, 3, 1965);
data.setCell(6, 0, 6)
data.setCell(6, 1, 'testAppleURL')
data.setCell(6, 2, 'scripts._01_AppleTest')
data.setCell(6, 3, 762);
window.suiteTableData['Regression']= { tableData: data, tableDiv: 'times-div-Regression'}
return data;
}
              </script>
              <span class="suite-total-time">Total running time: 1 minutes</span>
              <div id="times-div-Regression">
              </div> <!-- times-div-Regression -->
            </div> <!-- times-div -->
          </div> <!-- main-panel-content rounded-window-bottom -->
        </div> <!-- panel -->
        <div panel-name="reporter-Regression" class="panel">
          <div class="main-panel-header rounded-window-top">
            <span class="header-content">Reporter output for Regression</span>
          </div> <!-- main-panel-header rounded-window-top -->
          <div class="main-panel-content rounded-window-bottom">
          </div> <!-- main-panel-content rounded-window-bottom -->
        </div> <!-- panel -->
        <div panel-name="ignored-methods-Regression" class="panel">
          <div class="main-panel-header rounded-window-top">
            <span class="header-content">5 ignored methods</span>
          </div> <!-- main-panel-header rounded-window-top -->
          <div class="main-panel-content rounded-window-bottom">
            <div class="ignored-class-div">
              <span class="ignored-class-name">scripts._01_AppleTest</span>
              <div class="ignored-methods-div">
                <span class="ignored-method-name">testAppleTitle</span>
                <br/>
              </div> <!-- ignored-methods-div -->
            </div> <!-- ignored-class-div -->
            <div class="ignored-class-div">
              <span class="ignored-class-name">scripts._04_GoogleSearchTest</span>
              <div class="ignored-methods-div">
                <span class="ignored-method-name">testGoogleSearch</span>
                <br/>
              </div> <!-- ignored-methods-div -->
            </div> <!-- ignored-class-div -->
            <div class="ignored-class-div">
              <span class="ignored-class-name">scripts._03_EtsyTest</span>
              <div class="ignored-methods-div">
                <span class="ignored-method-name">testEtsySearchResult</span>
                <br/>
                <span class="ignored-method-name">testEtsySearch</span>
                <br/>
                <span class="ignored-method-name">testEtsyLogo</span>
                <br/>
              </div> <!-- ignored-methods-div -->
            </div> <!-- ignored-class-div -->
          </div> <!-- main-panel-content rounded-window-bottom -->
        </div> <!-- panel -->
        <div panel-name="chronological-Regression" class="panel">
          <div class="main-panel-header rounded-window-top">
            <span class="header-content">Methods in chronological order</span>
          </div> <!-- main-panel-header rounded-window-top -->
          <div class="main-panel-content rounded-window-bottom">
            <div class="chronological-class">
              <div class="chronological-class-name">scripts._01_AppleTest</div> <!-- chronological-class-name -->
              <div class="configuration-method before">
                <span class="method-name">setup</span>
                <span class="method-start">0 ms</span>
              </div> <!-- configuration-method before -->
              <div class="test-method">
                <span class="method-name">testAppleURL</span>
                <span class="method-start">1766 ms</span>
              </div> <!-- test-method -->
              <div class="configuration-method after">
                <span class="method-name">teardown</span>
                <span class="method-start">2530 ms</span>
              </div> <!-- configuration-method after -->
            </div> <!-- chronological-class -->
            <div class="chronological-class">
              <div class="chronological-class-name">scripts._04_GoogleSearchTest</div> <!-- chronological-class-name -->
              <div class="configuration-method before">
                <span class="method-name">setup</span>
                <span class="method-start">6250 ms</span>
              </div> <!-- configuration-method before -->
              <div class="test-method">
                <span class="method-name">testGoogleStoreLink</span>
                <span class="method-start">7412 ms</span>
              </div> <!-- test-method -->
              <div class="configuration-method after">
                <span class="method-name">teardown</span>
                <span class="method-start">10243 ms</span>
              </div> <!-- configuration-method after -->
            </div> <!-- chronological-class -->
            <div class="chronological-class">
              <div class="chronological-class-name">scripts._03_EtsyTest</div> <!-- chronological-class-name -->
              <div class="configuration-method before">
                <span class="method-name">setup</span>
                <span class="method-start">13942 ms</span>
              </div> <!-- configuration-method before -->
              <div class="test-method">
                <img src="failed.png">
                </img>
                <span class="method-name">testMainHeader</span>
                <span class="method-start">15071 ms</span>
              </div> <!-- test-method -->
              <div class="configuration-method after">
                <span class="method-name">teardown</span>
                <span class="method-start">17041 ms</span>
              </div> <!-- configuration-method after -->
            </div> <!-- chronological-class -->
            <div class="chronological-class">
              <div class="chronological-class-name">scripts._05_CheckBoxTest</div> <!-- chronological-class-name -->
              <div class="configuration-method before">
                <span class="method-name">setup</span>
                <span class="method-start">20766 ms</span>
              </div> <!-- configuration-method before -->
              <div class="test-method">
                <span class="method-name">testCheckBoxInHeroApp</span>
                <span class="method-start">21899 ms</span>
              </div> <!-- test-method -->
              <div class="configuration-method after">
                <span class="method-name">teardown</span>
                <span class="method-start">31271 ms</span>
              </div> <!-- configuration-method after -->
            </div> <!-- chronological-class -->
            <div class="chronological-class">
              <div class="chronological-class-name">scripts._06_RadioButtonTest</div> <!-- chronological-class-name -->
              <div class="configuration-method before">
                <span class="method-name">setup</span>
                <span class="method-start">34936 ms</span>
              </div> <!-- configuration-method before -->
              <div class="test-method">
                <span class="method-name">testFacebookGenderRadioButtons</span>
                <span class="method-start">36076 ms</span>
              </div> <!-- test-method -->
              <div class="configuration-method after">
                <span class="method-name">teardown</span>
                <span class="method-start">45627 ms</span>
              </div> <!-- configuration-method after -->
            </div> <!-- chronological-class -->
            <div class="chronological-class">
              <div class="chronological-class-name">scripts._07_DropdownTest</div> <!-- chronological-class-name -->
              <div class="configuration-method before">
                <span class="method-name">setup</span>
                <span class="method-start">49300 ms</span>
              </div> <!-- configuration-method before -->
              <div class="test-method">
                <span class="method-name">testUnsecurePasswordErrorMessage</span>
                <span class="method-start">50445 ms</span>
              </div> <!-- test-method -->
              <div class="configuration-method after">
                <span class="method-name">teardown</span>
                <span class="method-start">55741 ms</span>
              </div> <!-- configuration-method after -->
              <div class="configuration-method before">
                <span class="method-name">setup</span>
                <span class="method-start">59423 ms</span>
              </div> <!-- configuration-method before -->
              <div class="test-method">
                <img src="failed.png">
                </img>
                <span class="method-name">testExpediaDropdowns</span>
                <span class="method-start">60551 ms</span>
              </div> <!-- test-method -->
              <div class="configuration-method after">
                <span class="method-name">teardown</span>
                <span class="method-start">96009 ms</span>
              </div> <!-- configuration-method after -->
          </div> <!-- main-panel-content rounded-window-bottom -->
        </div> <!-- panel -->
      </div> <!-- main-panel-root -->
    </div> <!-- wrapper -->
  </body>
</html>
